2024-12-19 23:20:55 INFO  - Запуск приложения управления проектами
2024-12-19 23:20:55 INFO  - Обновление таблицы проектов
2024-12-19 23:20:58 INFO  - Обновление таблицы задач
2024-12-19 23:20:58 INFO  - Обновление таблицы сотрудников
2024-12-19 23:20:58 INFO  - Обновление таблицы клиентов
2024-12-19 23:21:02 INFO  - Пользователь перешел на вкладку: Задачи
2024-12-19 23:21:12 INFO  - Пользователь открыл форму редактирования задачи
2024-12-19 23:21:15 INFO  - Пользователь перешел на вкладку: Клиенты
2024-12-19 23:21:16 INFO  - Пользователь перешел на вкладку: Сотрудники
2024-12-19 23:21:16 INFO  - Пользователь перешел на вкладку: Задачи
2024-12-19 23:21:18 INFO  - Пользователь перешел на вкладку: Проекты
2024-12-19 23:21:19 INFO  - Пользователь начал экспорт данных в XML
2024-12-19 23:21:20 INFO  - Данные успешно экспортированы в XML: C:\MEGA_OOP_PROJECT\all_data.xml
2024-12-19 23:21:20 ERROR - Connection leak detected: there are 1 unclosed connections upon shutting down pool jdbc:mysql://localhost:3306/kursach_schema?useSSL=false&serverTimezone=UTC
2024-12-19 23:21:20 ERROR - Connection leak detected: there are 1 unclosed connections!
2024-12-19 23:21:24 INFO  - Пользователь перешел на вкладку: Сотрудники
2024-12-19 23:21:24 INFO  - Пользователь перешел на вкладку: Клиенты
2024-12-19 23:21:26 INFO  - Пользователь перешел на вкладку: Проекты
2024-12-19 23:21:31 INFO  - Попытка удаления проекта
2024-12-19 23:21:31 INFO  - Обновление таблицы проектов
2024-12-19 23:21:31 INFO  - Проект успешно удален
2024-12-19 23:21:32 INFO  - Пользователь перешел на вкладку: Задачи
2024-12-19 23:21:35 INFO  - Пользователь обновляет все таблицы
2024-12-19 23:21:35 INFO  - Обновление таблицы проектов
2024-12-19 23:21:35 INFO  - Обновление таблицы задач
2024-12-19 23:21:35 INFO  - Обновление таблицы сотрудников
2024-12-19 23:21:35 INFO  - Обновление таблицы клиентов
2024-12-19 23:21:35 INFO  - Все таблицы успешно обновлены
2024-12-19 23:21:36 INFO  - Пользователь перешел на вкладку: Сотрудники
2024-12-19 23:21:37 INFO  - Пользователь перешел на вкладку: Клиенты
2024-12-19 23:21:37 INFO  - Пользователь перешел на вкладку: Сотрудники
2024-12-19 23:21:39 INFO  - Обновление таблицы сотрудников
2024-12-19 23:21:39 INFO  - Обновление таблицы задач
2024-12-19 23:21:39 INFO  - Обновление таблицы проектов
2024-12-19 23:21:40 INFO  - Пользователь перешел на вкладку: Задачи
2024-12-19 23:21:41 INFO  - Пользователь обновляет все таблицы
2024-12-19 23:21:41 INFO  - Обновление таблицы проектов
2024-12-19 23:21:41 INFO  - Обновление таблицы задач
2024-12-19 23:21:41 INFO  - Обновление таблицы сотрудников
2024-12-19 23:21:41 INFO  - Обновление таблицы клиентов
2024-12-19 23:21:42 INFO  - Все таблицы успешно обновлены
2024-12-19 23:21:43 INFO  - Пользователь перешел на вкладку: Проекты
2024-12-19 23:43:55 INFO  - Запуск приложения управления проектами
2024-12-19 23:43:55 INFO  - Обновление таблицы проектов
2024-12-19 23:43:57 INFO  - Обновление таблицы задач
2024-12-19 23:43:57 INFO  - Обновление таблицы сотрудников
2024-12-19 23:43:58 INFO  - Обновление таблицы клиентов
2024-12-19 23:44:01 INFO  - Пользователь перешел на вкладку: Задачи
2024-12-19 23:44:01 INFO  - Пользователь перешел на вкладку: Сотрудники
2024-12-19 23:44:02 INFO  - Пользователь перешел на вкладку: Клиенты
2024-12-19 23:44:02 INFO  - Пользователь перешел на вкладку: Сотрудники
2024-12-19 23:44:02 INFO  - Пользователь перешел на вкладку: Задачи
2024-12-19 23:44:03 INFO  - Пользователь перешел на вкладку: Проекты
2024-12-19 23:44:08 INFO  - Обновление таблицы проектов
2024-12-19 23:44:09 INFO  - Обновление таблицы проектов
2024-12-20 12:04:53 INFO  - Запуск приложения управления проектами
2024-12-20 12:04:53 INFO  - Обновление таблицы проектов
2024-12-20 12:04:56 INFO  - Обновление таблицы задач
2024-12-20 12:04:56 INFO  - Обновление таблицы сотрудников
2024-12-20 12:04:56 INFO  - Обновление таблицы клиентов
2024-12-20 12:26:46 INFO  - Запуск приложения управления проектами
2024-12-20 12:26:46 INFO  - Обновление таблицы проектов
2024-12-20 12:26:47 INFO  - Обновление таблицы задач
2024-12-20 12:26:47 INFO  - Обновление таблицы сотрудников
2024-12-20 12:26:47 INFO  - Обновление таблицы клиентов
2024-12-20 12:29:26 INFO  - Пользователь перешел на вкладку: Задачи
2024-12-20 12:29:31 INFO  - Пользователь перешел на вкладку: Проекты
2024-12-20 12:29:42 INFO  - Пользователь перешел на вкладку: Сотрудники
2024-12-20 12:29:51 INFO  - Пользователь перешел на вкладку: Клиенты
2024-12-20 12:31:49 INFO  - Пользователь перешел на вкладку: Проекты
2024-12-20 12:31:50 INFO  - Пользователь открыл форму создания нового проекта
2024-12-20 12:32:27 INFO  - Пользователь открыл форму создания нового проекта
2024-12-20 12:32:33 INFO  - Пользователь перешел на вкладку: Задачи
2024-12-20 12:32:33 INFO  - Пользователь открыл форму создания новой задачи
2024-12-20 12:32:49 INFO  - Обновление таблицы задач
2024-12-20 12:32:49 INFO  - Создана новая задача: тестик
2024-12-20 12:32:49 INFO  - Пользователь открыл форму создания новой задачи
2024-12-20 12:32:58 INFO  - Обновление таблицы задач
2024-12-20 12:32:58 INFO  - Создана новая задача: проверка
2024-12-20 12:32:59 INFO  - Пользователь перешел на вкладку: Проекты
2024-12-20 12:33:00 INFO  - Пользователь открыл форму создания нового проекта
2024-12-20 12:33:06 INFO  - Пользователь перешел на вкладку: Задачи
2024-12-20 12:33:09 INFO  - Пользователь открыл форму редактирования задачи
2024-12-20 12:33:22 INFO  - Пользователь перешел на вкладку: Проекты
2024-12-20 12:33:24 INFO  - Пользователь открыл форму создания нового проекта
2024-12-20 12:33:28 INFO  - Пользователь перешел на вкладку: Задачи
2024-12-20 12:33:31 INFO  - Пользователь открыл форму редактирования задачи
2024-12-20 12:33:36 INFO  - Попытка удаления задачи
2024-12-20 12:33:36 INFO  - Обновление таблицы задач
2024-12-20 12:33:36 INFO  - Задача успешно удалена
2024-12-20 12:33:39 INFO  - Попытка удаления задачи
2024-12-20 12:33:39 INFO  - Обновление таблицы задач
2024-12-20 12:33:39 INFO  - Задача успешно удалена
2024-12-20 12:33:39 INFO  - Пользователь перешел на вкладку: Проекты
2024-12-20 12:33:41 INFO  - Пользователь открыл форму создания нового проекта
2024-12-20 12:34:14 INFO  - Пользователь открыл форму редактирования проекта
2024-12-20 12:34:15 INFO  - Обновление таблицы проектов
2024-12-20 12:34:17 INFO  - Пользователь открыл форму редактирования проекта
2024-12-20 12:34:24 INFO  - Обновление таблицы проектов
2024-12-20 12:34:50 INFO  - Пользователь перешел на вкладку: Задачи
2024-12-20 12:34:51 INFO  - Пользователь открыл форму создания новой задачи
2024-12-20 12:35:25 INFO  - Пользователь открыл форму редактирования задачи
2024-12-20 12:35:30 INFO  - Обновление таблицы задач
2024-12-20 12:35:30 INFO  - Задача успешно отредактирована: еуеуууу
2024-12-20 12:36:00 INFO  - Пользователь перешел на вкладку: Сотрудники
2024-12-20 12:36:00 INFO  - Пользователь открыл форму создания нового сотрудника
2024-12-20 12:36:29 INFO  - Пользователь открыл форму редактирования сотрудника
2024-12-20 12:36:33 INFO  - Обновление таблицы сотрудников
2024-12-20 12:36:33 INFO  - Сотрудник успешно отредактирован: Alisher Morgen
2024-12-20 12:37:30 INFO  - Пользователь перешел на вкладку: Проекты
2024-12-20 12:38:07 INFO  - Пользователь перешел на вкладку: Сотрудники
2024-12-20 12:38:39 INFO  - Пользователь перешел на вкладку: Клиенты
2024-12-20 12:38:40 INFO  - Загрузка проектов клиента с ID: 44
